<?xml version="1.0" encoding="UTF-8"?>
<!-- Generated by org.testng.reporters.JUnitReportReporter -->
<testsuite skipped="0" hostname="DESKTOP-ABG1N84" name="com.crm.qa.tests.FinalCheckoutTest" tests="1" failures="0" timestamp="31 Jan 2020 10:06:25 GMT" time="45.628" errors="0">
  <testcase name="CheckoutTest1" time="45.628" classname="com.crm.qa.tests.FinalCheckoutTest"/>
</testsuite> <!-- com.crm.qa.tests.FinalCheckoutTest -->
