<?xml version="1.0" encoding="UTF-8"?>
<!-- Generated by org.testng.reporters.JUnitReportReporter -->
<testsuite skipped="0" hostname="DESKTOP-ABG1N84" name="com.crm.qa.tests.HomePageTest" tests="1" failures="0" timestamp="03 Dec 2019 11:39:08 GMT" time="30.229" errors="0">
  <testcase name="clickApparel" time="30.229" classname="com.crm.qa.tests.HomePageTest"/>
</testsuite> <!-- com.crm.qa.tests.HomePageTest -->
