<?xml version="1.0" encoding="UTF-8"?>
<!-- Generated by org.testng.reporters.JUnitReportReporter -->
<testsuite skipped="0" hostname="DESKTOP-ABG1N84" name="com.crm.qa.tests.LoginPageTest" tests="1" failures="0" timestamp="31 Jan 2020 09:18:09 GMT" time="0.151" errors="0">
  <testcase name="loginpageTitleTest" time="0.151" classname="com.crm.qa.tests.LoginPageTest"/>
</testsuite> <!-- com.crm.qa.tests.LoginPageTest -->
